This file contains any messages produced by compilers while
running configure, to aid debugging if configure makes a mistake.

It was created by configure, which was
generated by GNU Autoconf 2.63.  Invocation command line was

  $ ./configure --enable-memcp

## --------- ##
## Platform. ##
## --------- ##

hostname = php56-treaded.auto-toyz.com
uname -m = x86_64
uname -r = 2.6.32-642.el6.x86_64
uname -s = Linux
uname -v = #1 SMP Tue May 10 17:27:01 UTC 2016

/usr/bin/uname -p = unknown
/bin/uname -X     = unknown

/bin/arch              = x86_64
/usr/bin/arch -k       = unknown
/usr/convex/getsysinfo = unknown
/usr/bin/hostinfo      = unknown
/bin/machine           = unknown
/usr/bin/oslevel       = unknown
/bin/universe          = unknown

PATH: /usr/local/sbin
PATH: /usr/local/bin
PATH: /sbin
PATH: /bin
PATH: /usr/sbin
PATH: /usr/bin
PATH: /root/bin
PATH: /tmp/phalcon-devtools


## ----------- ##
## Core tests. ##
## ----------- ##

configure:1981: checking for grep that handles long lines and -e
configure:2041: result: /bin/grep
configure:2046: checking for egrep
configure:2110: result: /bin/grep -E
configure:2115: checking for a sed that does not truncate output
configure:2169: result: /bin/sed
configure:2362: checking for C compiler version
configure:2370: gcc --version >&5
gcc (GCC) 4.4.7 20120313 (Red Hat 4.4.7-17)
Copyright (C) 2010 Free Software Foundation, Inc.
This is free software; see the source for copying conditions.  There is NO
warranty; not even for MERCHANTABILITY or FITNESS FOR A PARTICULAR PURPOSE.

configure:2374: $? = 0
configure:2381: gcc -v >&5
Using built-in specs.
Target: x86_64-redhat-linux
Configured with: ../configure --prefix=/usr --mandir=/usr/share/man --infodir=/usr/share/info --with-bugurl=http://bugzilla.redhat.com/bugzilla --enable-bootstrap --enable-shared --enable-threads=posix --enable-checking=release --with-system-zlib --enable-__cxa_atexit --disable-libunwind-exceptions --enable-gnu-unique-object --enable-languages=c,c++,objc,obj-c++,java,fortran,ada --enable-java-awt=gtk --disable-dssi --with-java-home=/usr/lib/jvm/java-1.5.0-gcj-1.5.0.0/jre --enable-libgcj-multifile --enable-java-maintainer-mode --with-ecj-jar=/usr/share/java/eclipse-ecj.jar --disable-libjava-multilib --with-ppl --with-cloog --with-tune=generic --with-arch_32=i686 --build=x86_64-redhat-linux
Thread model: posix
gcc version 4.4.7 20120313 (Red Hat 4.4.7-17) (GCC) 
configure:2385: $? = 0
configure:2392: gcc -V >&5
gcc: '-V' option must have argument
configure:2396: $? = 1
configure:2419: checking for C compiler default output file name
configure:2441: gcc -O2 -fvisibility=hidden -Wparentheses -DZEPHIR_RELEASE=1   conftest.c  >&5
configure:2445: $? = 0
configure:2483: result: a.out
configure:2502: checking whether the C compiler works
configure:2512: ./a.out
configure:2516: $? = 0
configure:2535: result: yes
configure:2542: checking whether we are cross compiling
configure:2544: result: no
configure:2547: checking for suffix of executables
configure:2554: gcc -o conftest -O2 -fvisibility=hidden -Wparentheses -DZEPHIR_RELEASE=1   conftest.c  >&5
configure:2558: $? = 0
configure:2584: result: 
configure:2590: checking for suffix of object files
configure:2616: gcc -c -O2 -fvisibility=hidden -Wparentheses -DZEPHIR_RELEASE=1  conftest.c >&5
configure:2620: $? = 0
configure:2645: result: o
configure:2649: checking whether we are using the GNU C compiler
configure:2678: gcc -c -O2 -fvisibility=hidden -Wparentheses -DZEPHIR_RELEASE=1  conftest.c >&5
configure:2685: $? = 0
configure:2702: result: yes
configure:2711: checking whether gcc accepts -g
configure:2741: gcc -c -g  conftest.c >&5
configure:2748: $? = 0
configure:2849: result: yes
configure:2866: checking for gcc option to accept ISO C89
configure:2940: gcc  -c -O2 -fvisibility=hidden -Wparentheses -DZEPHIR_RELEASE=1  conftest.c >&5
configure:2947: $? = 0
configure:2970: result: none needed
configure:2994: checking how to run the C preprocessor
configure:3034: gcc -E  conftest.c
configure:3041: $? = 0
configure:3072: gcc -E  conftest.c
conftest.c:8:28: error: ac_nonexistent.h: No such file or directory
configure:3079: $? = 1
configure: failed program was:
| /* confdefs.h.  */
| #define PACKAGE_NAME ""
| #define PACKAGE_TARNAME ""
| #define PACKAGE_VERSION ""
| #define PACKAGE_STRING ""
| #define PACKAGE_BUGREPORT ""
| /* end confdefs.h.  */
| #include <ac_nonexistent.h>
configure:3112: result: gcc -E
configure:3141: gcc -E  conftest.c
configure:3148: $? = 0
configure:3179: gcc -E  conftest.c
conftest.c:8:28: error: ac_nonexistent.h: No such file or directory
configure:3186: $? = 1
configure: failed program was:
| /* confdefs.h.  */
| #define PACKAGE_NAME ""
| #define PACKAGE_TARNAME ""
| #define PACKAGE_VERSION ""
| #define PACKAGE_STRING ""
| #define PACKAGE_BUGREPORT ""
| /* end confdefs.h.  */
| #include <ac_nonexistent.h>
configure:3228: checking for icc
configure:3241: result: no
configure:3255: checking for suncc
configure:3268: result: no
configure:3283: checking whether gcc and cc understand -c and -o together
configure:3318: gcc -c conftest.c -o conftest2.o >&5
configure:3322: $? = 0
configure:3328: gcc -c conftest.c -o conftest2.o >&5
configure:3332: $? = 0
configure:3343: cc -c conftest.c >&5
configure:3347: $? = 0
configure:3355: cc -c conftest.c -o conftest2.o >&5
configure:3359: $? = 0
configure:3365: cc -c conftest.c -o conftest2.o >&5
configure:3369: $? = 0
configure:3387: result: yes
configure:3403: checking for system library directory
configure:3418: result: lib
configure:3425: checking if compiler supports -R
configure:3454: gcc -o conftest -O2 -fvisibility=hidden -Wparentheses -DZEPHIR_RELEASE=1   conftest.c -R /usr/lib  >&5
gcc: unrecognized option '-R'
/usr/lib: file not recognized: Is a directory
collect2: ld returned 1 exit status
configure:3461: $? = 1
configure: failed program was:
| /* confdefs.h.  */
| #define PACKAGE_NAME ""
| #define PACKAGE_TARNAME ""
| #define PACKAGE_VERSION ""
| #define PACKAGE_STRING ""
| #define PACKAGE_BUGREPORT ""
| /* end confdefs.h.  */
| 
| int
| main ()
| {
| 
|   ;
|   return 0;
| }
configure:3483: result: no
configure:3488: checking if compiler supports -Wl,-rpath,
configure:3517: gcc -o conftest -O2 -fvisibility=hidden -Wparentheses -DZEPHIR_RELEASE=1   conftest.c -Wl,-rpath,/usr/lib  >&5
configure:3524: $? = 0
configure:3546: result: yes
configure:3595: checking build system type
configure:3613: result: x86_64-unknown-linux-gnu
configure:3635: checking host system type
configure:3650: result: x86_64-unknown-linux-gnu
configure:3672: checking target system type
configure:3687: result: x86_64-unknown-linux-gnu
configure:3796: checking for PHP prefix
configure:3798: result: /opt/php7
configure:3800: checking for PHP includes
configure:3802: result: -I/opt/php7/include/php -I/opt/php7/include/php/main -I/opt/php7/include/php/TSRM -I/opt/php7/include/php/Zend -I/opt/php7/include/php/ext -I/opt/php7/include/php/ext/date/lib
configure:3804: checking for PHP extension directory
configure:3806: result: /opt/php7/lib/php/extensions/no-debug-zts-20151012
configure:3808: checking for PHP installed headers prefix
configure:3810: result: /opt/php7/include/php
configure:3813: checking if debug is enabled
configure:3843: result: no
configure:3846: checking if zts is enabled
configure:3876: result: yes
configure:3947: checking for re2c
configure:3963: found /usr/bin/re2c
configure:3974: result: re2c
configure:3983: checking for re2c version
configure:3997: result: 0.13.5 (ok)
configure:4016: checking for gawk
configure:4033: found /bin/gawk
configure:4044: result: gawk
configure:4091: checking whether to enable memcp
configure:4130: result: yes, shared
configure:4539: checking whether HAVE_BUNDLED_PCRE is declared
configure:4570: gcc -c -O2 -fvisibility=hidden -Wparentheses -DZEPHIR_RELEASE=1  -I/opt/php7/include/php -I/opt/php7/include/php/main -I/opt/php7/include/php/TSRM -I/opt/php7/include/php/Zend -I/opt/php7/include/php/ext -I/opt/php7/include/php/ext/date/lib conftest.c >&5
configure:4577: $? = 0
configure:4592: result: yes
configure:4600: checking for ext/pcre/php_pcre.h
configure:4622: gcc -c -O2 -fvisibility=hidden -Wparentheses -DZEPHIR_RELEASE=1  -I/opt/php7/include/php -I/opt/php7/include/php/main -I/opt/php7/include/php/TSRM -I/opt/php7/include/php/Zend -I/opt/php7/include/php/ext -I/opt/php7/include/php/ext/date/lib conftest.c >&5
configure:4629: $? = 0
configure:4646: result: yes
configure:4700: checking whether HAVE_JSON is declared
configure:4731: gcc -c -O2 -fvisibility=hidden -Wparentheses -DZEPHIR_RELEASE=1  -I/opt/php7/include/php -I/opt/php7/include/php/main -I/opt/php7/include/php/TSRM -I/opt/php7/include/php/Zend -I/opt/php7/include/php/ext -I/opt/php7/include/php/ext/date/lib conftest.c >&5
configure:4738: $? = 0
configure:4753: result: yes
configure:4761: checking for ext/json/php_json.h
configure:4783: gcc -c -O2 -fvisibility=hidden -Wparentheses -DZEPHIR_RELEASE=1  -I/opt/php7/include/php -I/opt/php7/include/php/main -I/opt/php7/include/php/TSRM -I/opt/php7/include/php/Zend -I/opt/php7/include/php/ext -I/opt/php7/include/php/ext/date/lib conftest.c >&5
configure:4790: $? = 0
configure:4807: result: yes
configure:4979: checking for ld used by gcc
configure:5046: result: /usr/bin/ld
configure:5055: checking if the linker (/usr/bin/ld) is GNU ld
configure:5070: result: yes
configure:5075: checking for /usr/bin/ld option to reload object files
configure:5082: result: -r
configure:5100: checking for BSD-compatible nm
configure:5149: result: /usr/bin/nm -B
configure:5153: checking whether ln -s works
configure:5157: result: yes
configure:5164: checking how to recognize dependent libraries
configure:5350: result: pass_all
configure:5435: gcc -c -O2 -fvisibility=hidden -Wparentheses -DZEPHIR_RELEASE=1  conftest.c >&5
configure:5438: $? = 0
configure:5597: checking for ANSI C header files
configure:5627: gcc -c -O2 -fvisibility=hidden -Wparentheses -DZEPHIR_RELEASE=1  conftest.c >&5
configure:5634: $? = 0
configure:5733: gcc -o conftest -O2 -fvisibility=hidden -Wparentheses -DZEPHIR_RELEASE=1   conftest.c  >&5
configure:5737: $? = 0
configure:5743: ./conftest
configure:5747: $? = 0
configure:5765: result: yes
configure:5789: checking for sys/types.h
configure:5810: gcc -c -O2 -fvisibility=hidden -Wparentheses -DZEPHIR_RELEASE=1  conftest.c >&5
configure:5817: $? = 0
configure:5834: result: yes
configure:5789: checking for sys/stat.h
configure:5810: gcc -c -O2 -fvisibility=hidden -Wparentheses -DZEPHIR_RELEASE=1  conftest.c >&5
configure:5817: $? = 0
configure:5834: result: yes
configure:5789: checking for stdlib.h
configure:5810: gcc -c -O2 -fvisibility=hidden -Wparentheses -DZEPHIR_RELEASE=1  conftest.c >&5
configure:5817: $? = 0
configure:5834: result: yes
configure:5789: checking for string.h
configure:5810: gcc -c -O2 -fvisibility=hidden -Wparentheses -DZEPHIR_RELEASE=1  conftest.c >&5
configure:5817: $? = 0
configure:5834: result: yes
configure:5789: checking for memory.h
configure:5810: gcc -c -O2 -fvisibility=hidden -Wparentheses -DZEPHIR_RELEASE=1  conftest.c >&5
configure:5817: $? = 0
configure:5834: result: yes
configure:5789: checking for strings.h
configure:5810: gcc -c -O2 -fvisibility=hidden -Wparentheses -DZEPHIR_RELEASE=1  conftest.c >&5
configure:5817: $? = 0
configure:5834: result: yes
configure:5789: checking for inttypes.h
configure:5810: gcc -c -O2 -fvisibility=hidden -Wparentheses -DZEPHIR_RELEASE=1  conftest.c >&5
configure:5817: $? = 0
configure:5834: result: yes
configure:5789: checking for stdint.h
configure:5810: gcc -c -O2 -fvisibility=hidden -Wparentheses -DZEPHIR_RELEASE=1  conftest.c >&5
configure:5817: $? = 0
configure:5834: result: yes
configure:5789: checking for unistd.h
configure:5810: gcc -c -O2 -fvisibility=hidden -Wparentheses -DZEPHIR_RELEASE=1  conftest.c >&5
configure:5817: $? = 0
configure:5834: result: yes
configure:5864: checking dlfcn.h usability
configure:5881: gcc -c -O2 -fvisibility=hidden -Wparentheses -DZEPHIR_RELEASE=1  conftest.c >&5
configure:5888: $? = 0
configure:5902: result: yes
configure:5906: checking dlfcn.h presence
configure:5921: gcc -E  conftest.c
configure:5928: $? = 0
configure:5942: result: yes
configure:5970: checking for dlfcn.h
configure:5979: result: yes
configure:6006: checking the maximum length of command line arguments
configure:6118: result: 1966080
configure:6130: checking command to parse /usr/bin/nm -B output from gcc object
configure:6235: gcc -c -O2 -fvisibility=hidden -Wparentheses -DZEPHIR_RELEASE=1  conftest.c >&5
configure:6238: $? = 0
configure:6242: /usr/bin/nm -B conftest.o \| sed -n -e 's/^.*[ 	]\([ABCDGIRSTW][ABCDGIRSTW]*\)[ 	][ 	]*\([_A-Za-z][_A-Za-z0-9]*\)$/\1 \2 \2/p' \> conftest.nm
configure:6245: $? = 0
configure:6297: gcc -o conftest -O2 -fvisibility=hidden -Wparentheses -DZEPHIR_RELEASE=1   conftest.c conftstm.o >&5
configure:6300: $? = 0
configure:6338: result: ok
configure:6342: checking for objdir
configure:6357: result: .libs
configure:6449: checking for ar
configure:6465: found /usr/bin/ar
configure:6476: result: ar
configure:6541: checking for ranlib
configure:6557: found /usr/bin/ranlib
configure:6568: result: ranlib
configure:6633: checking for strip
configure:6649: found /usr/bin/strip
configure:6660: result: strip
configure:7229: checking if gcc supports -fno-rtti -fno-exceptions
configure:7247: gcc -c -O2 -fvisibility=hidden -Wparentheses -DZEPHIR_RELEASE=1  -fno-rtti -fno-exceptions conftest.c >&5
cc1: warning: command line option "-fno-rtti" is valid for C++/ObjC++ but not for C
configure:7251: $? = 0
configure:7264: result: no
configure:7279: checking for gcc option to produce PIC
configure:7519: result: -fPIC
configure:7527: checking if gcc PIC flag -fPIC works
configure:7545: gcc -c -O2 -fvisibility=hidden -Wparentheses -DZEPHIR_RELEASE=1  -fPIC -DPIC conftest.c >&5
configure:7549: $? = 0
configure:7562: result: yes
configure:7590: checking if gcc static flag -static works
configure:7618: result: no
configure:7628: checking if gcc supports -c -o file.o
configure:7649: gcc -c -O2 -fvisibility=hidden -Wparentheses -DZEPHIR_RELEASE=1  -o out/conftest2.o conftest.c >&5
configure:7653: $? = 0
configure:7675: result: yes
configure:7701: checking whether the gcc linker (/usr/bin/ld -m elf_x86_64) supports shared libraries
configure:8629: result: yes
configure:8650: checking whether -lc should be explicitly linked in
configure:8655: gcc -c -O2 -fvisibility=hidden -Wparentheses -DZEPHIR_RELEASE=1  conftest.c >&5
configure:8658: $? = 0
configure:8673: gcc -shared conftest.o  -v -Wl,-soname -Wl,conftest -o conftest 2\>\&1 \| grep  -lc  \>/dev/null 2\>\&1
configure:8676: $? = 0
configure:8688: result: no
configure:8696: checking dynamic linker characteristics
configure:9294: result: GNU/Linux ld.so
configure:9318: checking how to hardcode library paths into programs
configure:9343: result: immediate
configure:9357: checking whether stripping libraries is possible
configure:9362: result: yes
configure:10192: checking if libtool supports shared libraries
configure:10194: result: yes
configure:10197: checking whether to build shared libraries
configure:10218: result: yes
configure:10221: checking whether to build static libraries
configure:10225: result: no
configure:10320: result:
creating libtool
configure:14017: creating ./config.status

## ---------------------- ##
## Running config.status. ##
## ---------------------- ##

This file was extended by config.status, which was
generated by GNU Autoconf 2.63.  Invocation command line was

  CONFIG_FILES    = 
  CONFIG_HEADERS  = 
  CONFIG_LINKS    = 
  CONFIG_COMMANDS = 
  $ ./config.status 

on php56-treaded.auto-toyz.com

config.status:611: creating config.h

## ---------------- ##
## Cache variables. ##
## ---------------- ##

ac_cv_build=x86_64-unknown-linux-gnu
ac_cv_c_compiler_gnu=yes
ac_cv_env_CC_set=set
ac_cv_env_CC_value=gcc
ac_cv_env_CFLAGS_set=set
ac_cv_env_CFLAGS_value='-O2 -fvisibility=hidden -Wparentheses -DZEPHIR_RELEASE=1'
ac_cv_env_CPPFLAGS_set=
ac_cv_env_CPPFLAGS_value=
ac_cv_env_CPP_set=
ac_cv_env_CPP_value=
ac_cv_env_LDFLAGS_set=
ac_cv_env_LDFLAGS_value=
ac_cv_env_LIBS_set=
ac_cv_env_LIBS_value=
ac_cv_env_build_alias_set=
ac_cv_env_build_alias_value=
ac_cv_env_host_alias_set=
ac_cv_env_host_alias_value=
ac_cv_env_target_alias_set=
ac_cv_env_target_alias_value=
ac_cv_have_decl_HAVE_BUNDLED_PCRE=yes
ac_cv_have_decl_HAVE_JSON=yes
ac_cv_header_dlfcn_h=yes
ac_cv_header_ext_json_php_json_h=yes
ac_cv_header_ext_pcre_php_pcre_h=yes
ac_cv_header_inttypes_h=yes
ac_cv_header_memory_h=yes
ac_cv_header_stdc=yes
ac_cv_header_stdint_h=yes
ac_cv_header_stdlib_h=yes
ac_cv_header_string_h=yes
ac_cv_header_strings_h=yes
ac_cv_header_sys_stat_h=yes
ac_cv_header_sys_types_h=yes
ac_cv_header_unistd_h=yes
ac_cv_host=x86_64-unknown-linux-gnu
ac_cv_objext=o
ac_cv_path_EGREP='/bin/grep -E'
ac_cv_path_GREP=/bin/grep
ac_cv_prog_AWK=gawk
ac_cv_prog_CPP='gcc -E'
ac_cv_prog_RE2C=re2c
ac_cv_prog_ac_ct_AR=ar
ac_cv_prog_ac_ct_RANLIB=ranlib
ac_cv_prog_ac_ct_STRIP=strip
ac_cv_prog_cc_c89=
ac_cv_prog_cc_g=yes
ac_cv_prog_cc_gcc_c_o=yes
ac_cv_target=x86_64-unknown-linux-gnu
lt_cv_deplibs_check_method=pass_all
lt_cv_file_magic_cmd='$MAGIC_CMD'
lt_cv_file_magic_test_file=
lt_cv_ld_reload_flag=-r
lt_cv_objdir=.libs
lt_cv_path_LD=/usr/bin/ld
lt_cv_path_NM='/usr/bin/nm -B'
lt_cv_path_SED=/bin/sed
lt_cv_prog_compiler_c_o=yes
lt_cv_prog_compiler_pic_works=yes
lt_cv_prog_compiler_rtti_exceptions=no
lt_cv_prog_compiler_static_works=no
lt_cv_prog_gnu_ld=yes
lt_cv_sys_global_symbol_pipe='sed -n -e '\''s/^.*[ 	]\([ABCDGIRSTW][ABCDGIRSTW]*\)[ 	][ 	]*\([_A-Za-z][_A-Za-z0-9]*\)$/\1 \2 \2/p'\'''
lt_cv_sys_global_symbol_to_c_name_address='sed -n -e '\''s/^: \([^ ]*\) $/  {\"\1\", (lt_ptr) 0},/p'\'' -e '\''s/^[BCDEGRST] \([^ ]*\) \([^ ]*\)$/  {"\2", (lt_ptr) \&\2},/p'\'''
lt_cv_sys_global_symbol_to_cdecl='sed -n -e '\''s/^. .* \(.*\)$/extern int \1;/p'\'''
lt_cv_sys_lib_dlsearch_path_spec='/lib /usr/lib /usr/lib64/llvm /usr/lib64/mysql '
lt_cv_sys_lib_search_path_spec='/usr/lib/gcc/x86_64-redhat-linux/4.4.7 /usr/lib64 /lib64'
lt_cv_sys_max_cmd_len=1966080
lt_lt_cv_prog_compiler_c_o='"yes"'
lt_lt_cv_sys_global_symbol_pipe='"sed -n -e '\''s/^.*[ 	]\\([ABCDGIRSTW][ABCDGIRSTW]*\\)[ 	][ 	]*\\([_A-Za-z][_A-Za-z0-9]*\\)\$/\\1 \\2 \\2/p'\''"'
lt_lt_cv_sys_global_symbol_to_c_name_address='"sed -n -e '\''s/^: \\([^ ]*\\) \$/  {\\\"\\1\\\", (lt_ptr) 0},/p'\'' -e '\''s/^[BCDEGRST] \\([^ ]*\\) \\([^ ]*\\)\$/  {\"\\2\", (lt_ptr) \\&\\2},/p'\''"'
lt_lt_cv_sys_global_symbol_to_cdecl='"sed -n -e '\''s/^. .* \\(.*\\)\$/extern int \\1;/p'\''"'
php_cv_cc_dashr=no
php_cv_cc_rpath=yes
php_cv_re2c_version='0.13.5 (ok)'

## ----------------- ##
## Output variables. ##
## ----------------- ##

AR='ar'
AWK='gawk'
CC='gcc'
CFLAGS='-O2 -fvisibility=hidden -Wparentheses -DZEPHIR_RELEASE=1'
CONFIGURE_COMMAND=' '\''./configure'\''  '\''--enable-memcp'\'' '\''CC=gcc'\'' '\''CFLAGS=-O2 '\''-fvisibility=hidden'\'' '\''-Wparentheses'\'' '\''-DZEPHIR_RELEASE=1'\'''\'''
CONFIGURE_OPTIONS=' '\''--enable-memcp'\'' '\''CC=gcc'\'' '\''CFLAGS=-O2 '\''-fvisibility=hidden'\'' '\''-Wparentheses'\'' '\''-DZEPHIR_RELEASE=1'\'''\'''
CPP='gcc -E'
CPPFLAGS=' -DHAVE_CONFIG_H'
DEFS='-DHAVE_CONFIG_H'
DSYMUTIL=''
ECHO='echo'
ECHO_C=''
ECHO_N='-n'
ECHO_T=''
EGREP='/bin/grep -E'
EXEEXT=''
GREP='/bin/grep'
LDFLAGS=''
LIBOBJS=''
LIBS=''
LIBTOOL='$(SHELL) $(top_builddir)/libtool'
LN_S='ln -s'
LTLIBOBJS=''
NMEDIT=''
OBJEXT='o'
PACKAGE_BUGREPORT=''
PACKAGE_NAME=''
PACKAGE_STRING=''
PACKAGE_TARNAME=''
PACKAGE_VERSION=''
PATH_SEPARATOR=':'
RANLIB='ranlib'
RE2C='re2c'
SED='/bin/sed'
SHELL='/bin/sh'
SHLIB_DL_SUFFIX_NAME='so'
SHLIB_SUFFIX_NAME='so'
STRIP='strip'
ac_ct_CC=''
bindir='${exec_prefix}/bin'
build='x86_64-unknown-linux-gnu'
build_alias=''
build_cpu='x86_64'
build_os='linux-gnu'
build_vendor='unknown'
datadir='${datarootdir}'
datarootdir='${prefix}/share'
docdir='${datarootdir}/doc/${PACKAGE}'
dvidir='${docdir}'
exec_prefix='$(prefix)'
host='x86_64-unknown-linux-gnu'
host_alias='x86_64-unknown-linux-gnu'
host_cpu='x86_64'
host_os='linux-gnu'
host_vendor='unknown'
htmldir='${docdir}'
includedir='${prefix}/include'
infodir='${datarootdir}/info'
libdir='${exec_prefix}/lib'
libexecdir='${exec_prefix}/libexec'
localedir='${datarootdir}/locale'
localstatedir='${prefix}/var'
mandir='${datarootdir}/man'
oldincludedir='/usr/include'
pdfdir='${docdir}'
prefix='/opt/php7'
program_transform_name='s,x,x,'
psdir='${docdir}'
sbindir='${exec_prefix}/sbin'
sharedstatedir='${prefix}/com'
sysconfdir='${prefix}/etc'
target='x86_64-unknown-linux-gnu'
target_alias=''
target_cpu='x86_64'
target_os='linux-gnu'
target_vendor='unknown'

## ----------- ##
## confdefs.h. ##
## ----------- ##

#define PACKAGE_NAME ""
#define PACKAGE_TARNAME ""
#define PACKAGE_VERSION ""
#define PACKAGE_STRING ""
#define PACKAGE_BUGREPORT ""
#define HAVE_MEMCP 1
#define COMPILE_DL_MEMCP 1
#define HAVE_EXT_PCRE_PHP_PCRE_H 1
#define ZEPHIR_USE_PHP_PCRE 1
#define HAVE_EXT_JSON_PHP_JSON_H 1
#define ZEPHIR_USE_PHP_JSON 1
#define STDC_HEADERS 1
#define HAVE_SYS_TYPES_H 1
#define HAVE_SYS_STAT_H 1
#define HAVE_STDLIB_H 1
#define HAVE_STRING_H 1
#define HAVE_MEMORY_H 1
#define HAVE_STRINGS_H 1
#define HAVE_INTTYPES_H 1
#define HAVE_STDINT_H 1
#define HAVE_UNISTD_H 1
#define HAVE_DLFCN_H 1

configure: exit 0
